  [1m[35m (345.8ms)[0m  [1m[35mCREATE DATABASE "i_need_a_job_development" ENCODING = 'unicode'[0m
  [1m[35m (163.3ms)[0m  [1m[35mCREATE DATABASE "i_need_a_job_test" ENCODING = 'unicode'[0m
  [1m[35m (22.5ms)[0m  [1m[35mCREATE TABLE "schema_migrations" ("version" character varying NOT NULL PRIMARY KEY)[0m
  [1m[35m (3.7ms)[0m  [1m[35mCREATE TABLE "ar_internal_metadata" ("key" character varying NOT NULL PRIMARY KEY, "value" character varying, "created_at" timestamp(6) NOT NULL, "updated_at" timestamp(6) NOT NULL)[0m
  [1m[35m (0.3ms)[0m  [1m[34mSELECT pg_try_advisory_lock(1087475188242354765)[0m
  [1m[36mActiveRecord::SchemaMigration Pluck (0.9ms)[0m  [1m[34mSELECT "schema_migrations"."version" FROM "schema_migrations" ORDER BY "schema_migrations"."version" ASC[0m
Migrating to CreateUsers (20220113035625)
  [1m[36mTRANSACTION (0.4ms)[0m  [1m[35mBEGIN[0m
  [1m[35m (34.3ms)[0m  [1m[35mCREATE TABLE "users" ("id" bigserial primary key, "first_name" character varying, "last_name" character varying, "email" character varying, "created_at" timestamp(6) NOT NULL, "updated_at" timestamp(6) NOT NULL)[0m
  [1m[36mActiveRecord::SchemaMigration Create (0.6ms)[0m  [1m[32mINSERT INTO "schema_migrations" ("version") VALUES ($1) RETURNING "version"[0m  [["version", "20220113035625"]]
  [1m[36mTRANSACTION (0.5ms)[0m  [1m[35mCOMMIT[0m
Migrating to CreateJobStatuses (20220113035653)
  [1m[36mTRANSACTION (0.9ms)[0m  [1m[35mBEGIN[0m
  [1m[35m (33.3ms)[0m  [1m[35mCREATE TABLE "job_statuses" ("id" bigserial primary key, "status" character varying, "created_at" timestamp(6) NOT NULL, "updated_at" timestamp(6) NOT NULL)[0m
  [1m[36mActiveRecord::SchemaMigration Create (0.4ms)[0m  [1m[32mINSERT INTO "schema_migrations" ("version") VALUES ($1) RETURNING "version"[0m  [["version", "20220113035653"]]
  [1m[36mTRANSACTION (0.5ms)[0m  [1m[35mCOMMIT[0m
Migrating to CreatePayRanges (20220113035938)
  [1m[36mTRANSACTION (0.6ms)[0m  [1m[35mBEGIN[0m
  [1m[35m (5.4ms)[0m  [1m[35mCREATE TABLE "pay_ranges" ("id" bigserial primary key, "range" character varying, "created_at" timestamp(6) NOT NULL, "updated_at" timestamp(6) NOT NULL)[0m
  [1m[36mActiveRecord::SchemaMigration Create (0.3ms)[0m  [1m[32mINSERT INTO "schema_migrations" ("version") VALUES ($1) RETURNING "version"[0m  [["version", "20220113035938"]]
  [1m[36mTRANSACTION (1.9ms)[0m  [1m[35mCOMMIT[0m
Migrating to CreateCompanies (20220113041034)
  [1m[36mTRANSACTION (1.8ms)[0m  [1m[35mBEGIN[0m
  [1m[35m (17.8ms)[0m  [1m[35mCREATE TABLE "companies" ("id" bigserial primary key, "name" character varying, "count" integer, "created_at" timestamp(6) NOT NULL, "updated_at" timestamp(6) NOT NULL)[0m
  [1m[36mActiveRecord::SchemaMigration Create (0.3ms)[0m  [1m[32mINSERT INTO "schema_migrations" ("version") VALUES ($1) RETURNING "version"[0m  [["version", "20220113041034"]]
  [1m[36mTRANSACTION (0.3ms)[0m  [1m[35mCOMMIT[0m
Migrating to CreateLocations (20220113041046)
  [1m[36mTRANSACTION (0.3ms)[0m  [1m[35mBEGIN[0m
  [1m[35m (4.0ms)[0m  [1m[35mCREATE TABLE "locations" ("id" bigserial primary key, "name" character varying, "count" integer, "created_at" timestamp(6) NOT NULL, "updated_at" timestamp(6) NOT NULL)[0m
  [1m[36mActiveRecord::SchemaMigration Create (0.4ms)[0m  [1m[32mINSERT INTO "schema_migrations" ("version") VALUES ($1) RETURNING "version"[0m  [["version", "20220113041046"]]
  [1m[36mTRANSACTION (0.4ms)[0m  [1m[35mCOMMIT[0m
Migrating to CreateJobs (20220113041233)
  [1m[36mTRANSACTION (0.3ms)[0m  [1m[35mBEGIN[0m
  [1m[35m (30.5ms)[0m  [1m[35mCREATE TABLE "jobs" ("id" bigserial primary key, "url" character varying, "job_title" character varying, "location_id" bigint NOT NULL, "pay_range_id" bigint NOT NULL, "company_id" bigint NOT NULL, "job_status_id" bigint NOT NULL, "user_id" bigint NOT NULL, "created_at" timestamp(6) NOT NULL, "updated_at" timestamp(6) NOT NULL, CONSTRAINT "fk_rails_e1588fa548"
FOREIGN KEY ("location_id")
  REFERENCES "locations" ("id")
, CONSTRAINT "fk_rails_55420ffddc"
FOREIGN KEY ("pay_range_id")
  REFERENCES "pay_ranges" ("id")
, CONSTRAINT "fk_rails_b34da78090"
FOREIGN KEY ("company_id")
  REFERENCES "companies" ("id")
, CONSTRAINT "fk_rails_69deacda9b"
FOREIGN KEY ("job_status_id")
  REFERENCES "job_statuses" ("id")
, CONSTRAINT "fk_rails_df6238c8a6"
FOREIGN KEY ("user_id")
  REFERENCES "users" ("id")
)[0m
  [1m[35m (1.3ms)[0m  [1m[35mCREATE INDEX "index_jobs_on_location_id" ON "jobs" ("location_id")[0m
  [1m[35m (1.2ms)[0m  [1m[35mCREATE INDEX "index_jobs_on_pay_range_id" ON "jobs" ("pay_range_id")[0m
  [1m[35m (1.3ms)[0m  [1m[35mCREATE INDEX "index_jobs_on_company_id" ON "jobs" ("company_id")[0m
  [1m[35m (1.5ms)[0m  [1m[35mCREATE INDEX "index_jobs_on_job_status_id" ON "jobs" ("job_status_id")[0m
  [1m[35m (2.4ms)[0m  [1m[35mCREATE INDEX "index_jobs_on_user_id" ON "jobs" ("user_id")[0m
  [1m[36mActiveRecord::SchemaMigration Create (0.3ms)[0m  [1m[32mINSERT INTO "schema_migrations" ("version") VALUES ($1) RETURNING "version"[0m  [["version", "20220113041233"]]
  [1m[36mTRANSACTION (4.0ms)[0m  [1m[35mCOMMIT[0m
Migrating to CreateJobStatusCompleteds (20220113041420)
  [1m[36mTRANSACTION (0.3ms)[0m  [1m[35mBEGIN[0m
  [1m[35m (20.3ms)[0m  [1m[35mCREATE TABLE "job_status_completeds" ("id" bigserial primary key, "job_id" bigint NOT NULL, "job_status_id" bigint NOT NULL, "created_at" timestamp(6) NOT NULL, "updated_at" timestamp(6) NOT NULL, CONSTRAINT "fk_rails_0f5bcb5a07"
FOREIGN KEY ("job_id")
  REFERENCES "jobs" ("id")
, CONSTRAINT "fk_rails_9d23721b84"
FOREIGN KEY ("job_status_id")
  REFERENCES "job_statuses" ("id")
)[0m
  [1m[35m (1.1ms)[0m  [1m[35mCREATE INDEX "index_job_status_completeds_on_job_id" ON "job_status_completeds" ("job_id")[0m
  [1m[35m (2.9ms)[0m  [1m[35mCREATE INDEX "index_job_status_completeds_on_job_status_id" ON "job_status_completeds" ("job_status_id")[0m
  [1m[36mActiveRecord::SchemaMigration Create (0.3ms)[0m  [1m[32mINSERT INTO "schema_migrations" ("version") VALUES ($1) RETURNING "version"[0m  [["version", "20220113041420"]]
  [1m[36mTRANSACTION (0.5ms)[0m  [1m[35mCOMMIT[0m
  [1m[36mActiveRecord::InternalMetadata Load (0.4ms)[0m  [1m[34mSELECT "ar_internal_metadata".* FROM "ar_internal_metadata" WHERE "ar_internal_metadata"."key" = $1 LIMIT $2[0m  [["key", "environment"], ["LIMIT", 1]]
  [1m[36mTRANSACTION (0.2ms)[0m  [1m[35mBEGIN[0m
  [1m[36mActiveRecord::InternalMetadata Create (0.7ms)[0m  [1m[32mINSERT INTO "ar_internal_metadata" ("key", "value", "created_at", "updated_at") VALUES ($1, $2, $3, $4) RETURNING "key"[0m  [["key", "environment"], ["value", "development"], ["created_at", "2022-01-13 04:15:16.169242"], ["updated_at", "2022-01-13 04:15:16.169242"]]
  [1m[36mTRANSACTION (0.4ms)[0m  [1m[35mCOMMIT[0m
  [1m[35m (0.5ms)[0m  [1m[34mSELECT pg_advisory_unlock(1087475188242354765)[0m
  [1m[36mActiveRecord::SchemaMigration Pluck (0.8ms)[0m  [1m[34mSELECT "schema_migrations"."version" FROM "schema_migrations" ORDER BY "schema_migrations"."version" ASC[0m
  [1m[36mActiveRecord::SchemaMigration Pluck (0.5ms)[0m  [1m[34mSELECT "schema_migrations"."version" FROM "schema_migrations" ORDER BY "schema_migrations"."version" ASC[0m
  [1m[35m (0.2ms)[0m  [1m[34mSELECT pg_try_advisory_lock(1087475188242354765)[0m
  [1m[36mActiveRecord::SchemaMigration Pluck (0.8ms)[0m  [1m[34mSELECT "schema_migrations"."version" FROM "schema_migrations" ORDER BY "schema_migrations"."version" ASC[0m
Migrating to ChangeJobStatusesToJobStatus (20220113042505)
  [1m[35m (0.2ms)[0m  [1m[34mSELECT pg_advisory_unlock(1087475188242354765)[0m
  [1m[35m (0.1ms)[0m  [1m[34mSELECT pg_try_advisory_lock(1087475188242354765)[0m
  [1m[36mActiveRecord::SchemaMigration Pluck (0.8ms)[0m  [1m[34mSELECT "schema_migrations"."version" FROM "schema_migrations" ORDER BY "schema_migrations"."version" ASC[0m
Migrating to ChangeJobStatusesToJobStatus (20220113042505)
  [1m[36mTRANSACTION (12.4ms)[0m  [1m[35mBEGIN[0m
  [1m[35m (0.5ms)[0m  [1m[35mALTER TABLE "job_statuses" RENAME TO "job_status"[0m
  [1m[35m (0.3ms)[0m  [1m[35mALTER INDEX "job_statuses_pkey" RENAME TO "job_status_pkey"[0m
  [1m[35m (0.2ms)[0m  [1m[35mALTER TABLE "public"."job_statuses_id_seq" RENAME TO "job_status_id_seq"[0m
  [1m[36mActiveRecord::SchemaMigration Create (0.3ms)[0m  [1m[32mINSERT INTO "schema_migrations" ("version") VALUES ($1) RETURNING "version"[0m  [["version", "20220113042505"]]
  [1m[36mTRANSACTION (0.3ms)[0m  [1m[35mCOMMIT[0m
  [1m[36mActiveRecord::InternalMetadata Load (0.3ms)[0m  [1m[34mSELECT "ar_internal_metadata".* FROM "ar_internal_metadata" WHERE "ar_internal_metadata"."key" = $1 LIMIT $2[0m  [["key", "environment"], ["LIMIT", 1]]
  [1m[35m (0.3ms)[0m  [1m[34mSELECT pg_advisory_unlock(1087475188242354765)[0m
  [1m[36mActiveRecord::SchemaMigration Pluck (0.5ms)[0m  [1m[34mSELECT "schema_migrations"."version" FROM "schema_migrations" ORDER BY "schema_migrations"."version" ASC[0m
  [1m[35m (0.3ms)[0m  [1m[34mSELECT pg_try_advisory_lock(1087475188242354765)[0m
  [1m[36mActiveRecord::SchemaMigration Pluck (0.9ms)[0m  [1m[34mSELECT "schema_migrations"."version" FROM "schema_migrations" ORDER BY "schema_migrations"."version" ASC[0m
Migrating to ChangeJobStatusCompletedsToCompletedJobStatuses (20220113042906)
  [1m[36mTRANSACTION (0.2ms)[0m  [1m[35mBEGIN[0m
  [1m[35m (0.4ms)[0m  [1m[35mALTER TABLE "job_status_completeds" RENAME TO "completed_job_statuses"[0m
  [1m[35m (0.2ms)[0m  [1m[35mALTER INDEX "job_status_completeds_pkey" RENAME TO "completed_job_statuses_pkey"[0m
  [1m[35m (0.2ms)[0m  [1m[35mALTER TABLE "public"."job_status_completeds_id_seq" RENAME TO "completed_job_statuses_id_seq"[0m
  [1m[35m (0.3ms)[0m  [1m[35mALTER INDEX "index_job_status_completeds_on_job_id" RENAME TO "index_completed_job_statuses_on_job_id"[0m
  [1m[35m (0.2ms)[0m  [1m[35mALTER INDEX "index_job_status_completeds_on_job_status_id" RENAME TO "index_completed_job_statuses_on_job_status_id"[0m
  [1m[36mActiveRecord::SchemaMigration Create (0.3ms)[0m  [1m[32mINSERT INTO "schema_migrations" ("version") VALUES ($1) RETURNING "version"[0m  [["version", "20220113042906"]]
  [1m[36mTRANSACTION (0.4ms)[0m  [1m[35mCOMMIT[0m
  [1m[36mActiveRecord::InternalMetadata Load (0.5ms)[0m  [1m[34mSELECT "ar_internal_metadata".* FROM "ar_internal_metadata" WHERE "ar_internal_metadata"."key" = $1 LIMIT $2[0m  [["key", "environment"], ["LIMIT", 1]]
  [1m[35m (0.2ms)[0m  [1m[34mSELECT pg_advisory_unlock(1087475188242354765)[0m
  [1m[36mActiveRecord::SchemaMigration Pluck (0.5ms)[0m  [1m[34mSELECT "schema_migrations"."version" FROM "schema_migrations" ORDER BY "schema_migrations"."version" ASC[0m
  [1m[35m (0.2ms)[0m  [1m[34mSELECT pg_try_advisory_lock(1087475188242354765)[0m
  [1m[36mActiveRecord::SchemaMigration Pluck (0.7ms)[0m  [1m[34mSELECT "schema_migrations"."version" FROM "schema_migrations" ORDER BY "schema_migrations"."version" ASC[0m
Migrating to ChangeJobStatusToJobStatuses (20220113043055)
  [1m[36mTRANSACTION (0.1ms)[0m  [1m[35mBEGIN[0m
  [1m[35m (0.4ms)[0m  [1m[35mALTER TABLE "job_status" RENAME TO "job_statuses"[0m
  [1m[35m (0.2ms)[0m  [1m[35mALTER INDEX "job_status_pkey" RENAME TO "job_statuses_pkey"[0m
  [1m[35m (0.2ms)[0m  [1m[35mALTER TABLE "public"."job_status_id_seq" RENAME TO "job_statuses_id_seq"[0m
  [1m[36mActiveRecord::SchemaMigration Create (0.3ms)[0m  [1m[32mINSERT INTO "schema_migrations" ("version") VALUES ($1) RETURNING "version"[0m  [["version", "20220113043055"]]
  [1m[36mTRANSACTION (0.4ms)[0m  [1m[35mCOMMIT[0m
  [1m[36mActiveRecord::InternalMetadata Load (0.3ms)[0m  [1m[34mSELECT "ar_internal_metadata".* FROM "ar_internal_metadata" WHERE "ar_internal_metadata"."key" = $1 LIMIT $2[0m  [["key", "environment"], ["LIMIT", 1]]
  [1m[35m (0.2ms)[0m  [1m[34mSELECT pg_advisory_unlock(1087475188242354765)[0m
  [1m[36mActiveRecord::SchemaMigration Pluck (0.7ms)[0m  [1m[34mSELECT "schema_migrations"."version" FROM "schema_migrations" ORDER BY "schema_migrations"."version" ASC[0m
  [1m[36mActiveRecord::SchemaMigration Pluck (0.6ms)[0m  [1m[34mSELECT "schema_migrations"."version" FROM "schema_migrations" ORDER BY "schema_migrations"."version" ASC[0m
  [1m[36mActiveRecord::SchemaMigration Pluck (0.5ms)[0m  [1m[34mSELECT "schema_migrations"."version" FROM "schema_migrations" ORDER BY "schema_migrations"."version" ASC[0m
  [1m[36mActiveRecord::SchemaMigration Pluck (0.5ms)[0m  [1m[34mSELECT "schema_migrations"."version" FROM "schema_migrations" ORDER BY "schema_migrations"."version" ASC[0m
  [1m[36mTRANSACTION (0.2ms)[0m  [1m[35mBEGIN[0m
  [1m[36mJobStatus Create (0.8ms)[0m  [1m[32mINSERT INTO "job_statuses" ("status", "created_at", "updated_at") VALUES ($1, $2, $3) RETURNING "id"[0m  [["status", "Not Applied"], ["created_at", "2022-01-13 04:32:45.986466"], ["updated_at", "2022-01-13 04:32:45.986466"]]
  [1m[36mTRANSACTION (0.3ms)[0m  [1m[35mCOMMIT[0m
  [1m[36mTRANSACTION (0.1ms)[0m  [1m[35mBEGIN[0m
  [1m[36mJobStatus Create (0.3ms)[0m  [1m[32mINSERT INTO "job_statuses" ("status", "created_at", "updated_at") VALUES ($1, $2, $3) RETURNING "id"[0m  [["status", "Applied"], ["created_at", "2022-01-13 04:32:45.990741"], ["updated_at", "2022-01-13 04:32:45.990741"]]
  [1m[36mTRANSACTION (0.4ms)[0m  [1m[35mCOMMIT[0m
  [1m[36mTRANSACTION (0.1ms)[0m  [1m[35mBEGIN[0m
  [1m[36mJobStatus Create (0.2ms)[0m  [1m[32mINSERT INTO "job_statuses" ("status", "created_at", "updated_at") VALUES ($1, $2, $3) RETURNING "id"[0m  [["status", "Phone Screen"], ["created_at", "2022-01-13 04:32:45.994846"], ["updated_at", "2022-01-13 04:32:45.994846"]]
  [1m[36mTRANSACTION (0.2ms)[0m  [1m[35mCOMMIT[0m
  [1m[36mTRANSACTION (0.1ms)[0m  [1m[35mBEGIN[0m
  [1m[36mJobStatus Create (0.2ms)[0m  [1m[32mINSERT INTO "job_statuses" ("status", "created_at", "updated_at") VALUES ($1, $2, $3) RETURNING "id"[0m  [["status", "Round 1"], ["created_at", "2022-01-13 04:32:45.997697"], ["updated_at", "2022-01-13 04:32:45.997697"]]
  [1m[36mTRANSACTION (0.2ms)[0m  [1m[35mCOMMIT[0m
  [1m[36mTRANSACTION (0.1ms)[0m  [1m[35mBEGIN[0m
  [1m[36mJobStatus Create (0.2ms)[0m  [1m[32mINSERT INTO "job_statuses" ("status", "created_at", "updated_at") VALUES ($1, $2, $3) RETURNING "id"[0m  [["status", "Round 2"], ["created_at", "2022-01-13 04:32:46.000299"], ["updated_at", "2022-01-13 04:32:46.000299"]]
  [1m[36mTRANSACTION (0.2ms)[0m  [1m[35mCOMMIT[0m
  [1m[36mTRANSACTION (0.1ms)[0m  [1m[35mBEGIN[0m
  [1m[36mJobStatus Create (0.3ms)[0m  [1m[32mINSERT INTO "job_statuses" ("status", "created_at", "updated_at") VALUES ($1, $2, $3) RETURNING "id"[0m  [["status", "Round 3"], ["created_at", "2022-01-13 04:32:46.003312"], ["updated_at", "2022-01-13 04:32:46.003312"]]
  [1m[36mTRANSACTION (0.3ms)[0m  [1m[35mCOMMIT[0m
  [1m[36mTRANSACTION (0.1ms)[0m  [1m[35mBEGIN[0m
  [1m[36mJobStatus Create (0.2ms)[0m  [1m[32mINSERT INTO "job_statuses" ("status", "created_at", "updated_at") VALUES ($1, $2, $3) RETURNING "id"[0m  [["status", "OFFER!"], ["created_at", "2022-01-13 04:32:46.006239"], ["updated_at", "2022-01-13 04:32:46.006239"]]
  [1m[36mTRANSACTION (16.6ms)[0m  [1m[35mCOMMIT[0m
  [1m[36mTRANSACTION (0.1ms)[0m  [1m[35mBEGIN[0m
  [1m[36mJobStatus Create (0.2ms)[0m  [1m[32mINSERT INTO "job_statuses" ("status", "created_at", "updated_at") VALUES ($1, $2, $3) RETURNING "id"[0m  [["status", "Rejected"], ["created_at", "2022-01-13 04:32:46.025738"], ["updated_at", "2022-01-13 04:32:46.025738"]]
  [1m[36mTRANSACTION (0.2ms)[0m  [1m[35mCOMMIT[0m
  [1m[36mJobStatus Load (0.5ms)[0m  [1m[34mSELECT "job_statuses".* FROM "job_statuses" ORDER BY "job_statuses"."id" ASC LIMIT $1[0m  [["LIMIT", 1]]
